#
# There is insufficient memory for the Java Runtime Environment to continue.
# Native memory allocation (malloc) failed to allocate 134742016 bytes for committing reserved memory.
# Possible reasons:
#   The system is out of physical RAM or swap space
#   In 32 bit mode, the process size limit was hit
# Possible solutions:
#   Reduce memory load on the system
#   Increase physical memory or swap space
#   Check if swap backing store is full
#   Use 64 bit Java on a 64 bit OS
#   Decrease Java heap size (-Xmx/-Xms)
#   Decrease number of Java threads
#   Decrease Java thread stack sizes (-Xss)
#   Set larger code cache with -XX:ReservedCodeCacheSize=
# This output file may be truncated or incomplete.
#
#  Out of Memory Error (os_linux.cpp:2809), pid=13537, tid=140155872605952
#
# JRE version: OpenJDK Runtime Environment (7.0_79-b14) (build 1.7.0_79-b14)
# Java VM: OpenJDK 64-Bit Server VM (24.79-b02 mixed mode linux-amd64 compressed oops)
# Derivative: IcedTea 2.5.6
# Distribution: Ubuntu 15.04, package 7u79-2.5.6-0ubuntu1.15.04.1
# Failed to write core dump. Core dumps have been disabled. To enable core dumping, try "ulimit -c unlimited" before starting Java again
#

---------------  T H R E A D  ---------------

Current thread (0x00007f7898077800):  VMThread [stack: 0x00007f7894eff000,0x00007f7895000000] [id=13547]

Stack: [0x00007f7894eff000,0x00007f7895000000],  sp=0x00007f7894ffe4e0,  free space=1021k
Native frames: (J=compiled Java code, j=interpreted, Vv=VM code, C=native code)
V  [libjvm.so+0x98a166]  VMError::report_and_die()+0x186
V  [libjvm.so+0x48f932]  report_vm_out_of_memory(char const*, int, unsigned long, char const*)+0x92
V  [libjvm.so+0x7fd56b]  os::pd_commit_memory(char*, unsigned long, unsigned long, bool)+0xeb
V  [libjvm.so+0x7f7c4e]  os::commit_memory(char*, unsigned long, unsigned long, bool)+0x2e
V  [libjvm.so+0x86a56b]  PSVirtualSpace::expand_by(unsigned long)+0x5b
V  [libjvm.so+0x86b413]  PSYoungGen::resize_generation(unsigned long, unsigned long)+0xd3
V  [libjvm.so+0x86bb2b]  PSYoungGen::resize(unsigned long, unsigned long)+0x1b
V  [libjvm.so+0x867539]  PSScavenge::invoke_no_policy()+0xdc9
V  [libjvm.so+0x867d18]  PSScavenge::invoke()+0x38
V  [libjvm.so+0x81fb73]  ParallelScavengeHeap::failed_mem_allocate(unsigned long)+0x63
V  [libjvm.so+0x98ba32]  VM_ParallelGCFailedAllocation::doit()+0x92
V  [libjvm.so+0x9902e7]  VM_Operation::evaluate()+0x47
V  [libjvm.so+0x98e8cb]  VMThread::evaluate_operation(VM_Operation*)+0xab
V  [libjvm.so+0x98ef76]  VMThread::loop()+0x1e6
V  [libjvm.so+0x98f441]  VMThread::run()+0x81
V  [libjvm.so+0x7fa492]  java_start(Thread*)+0xf2

VM_Operation (0x00007f78a12f0470): ParallelGCFailedAllocation, mode: safepoint, requested by thread 0x00007f789800c000


---------------  P R O C E S S  ---------------

Java Threads: ( => current thread )
  0x00007f78980b0800 JavaThread "Service Thread" daemon [_thread_blocked, id=13553, stack(0x00007f78943bb000,0x00007f78944bc000)]
  0x00007f78980ae000 JavaThread "C2 CompilerThread1" daemon [_thread_blocked, id=13552, stack(0x00007f78944bc000,0x00007f78945bd000)]
  0x00007f78980ab000 JavaThread "C2 CompilerThread0" daemon [_thread_blocked, id=13551, stack(0x00007f78945bd000,0x00007f78946be000)]
  0x00007f78980a9000 JavaThread "Signal Dispatcher" daemon [_thread_blocked, id=13550, stack(0x00007f78946be000,0x00007f78947bf000)]
  0x00007f789807e000 JavaThread "Finalizer" daemon [_thread_blocked, id=13549, stack(0x00007f7894cfd000,0x00007f7894dfe000)]
  0x00007f789807c000 JavaThread "Reference Handler" daemon [_thread_blocked, id=13548, stack(0x00007f7894dfe000,0x00007f7894eff000)]
  0x00007f789800c000 JavaThread "main" [_thread_blocked, id=13542, stack(0x00007f78a11f1000,0x00007f78a12f2000)]

Other Threads:
=>0x00007f7898077800 VMThread [stack: 0x00007f7894eff000,0x00007f7895000000] [id=13547]
  0x00007f78980bb800 WatcherThread [stack: 0x00007f78942ba000,0x00007f78943bb000] [id=13554]

VM state:at safepoint (normal execution)

VM Mutex/Monitor currently owned by a thread:  ([mutex/lock_event])
[0x00007f7898008450] Threads_lock - owner thread: 0x00007f7898077800
[0x00007f7898008950] Heap_lock - owner thread: 0x00007f789800c000

Heap
 PSYoungGen      total 203776K, used 10991K [0x00000000eaa80000, 0x00000000f7f80000, 0x0000000100000000)
  eden space 190976K, 0% used [0x00000000eaa80000,0x00000000eaa80000,0x00000000f6500000)
  from space 12800K, 85% used [0x00000000f6500000,0x00000000f6fbbc08,0x00000000f7180000)
  to   space 11264K, 0% used [0x00000000f7180000,0x00000000f7180000,0x00000000f7c80000)
 ParOldGen       total 62464K, used 40970K [0x00000000c0000000, 0x00000000c3d00000, 0x00000000eaa80000)
  object space 62464K, 65% used [0x00000000c0000000,0x00000000c28029a0,0x00000000c3d00000)
 PSPermGen       total 21504K, used 7578K [0x00000000b5a00000, 0x00000000b6f00000, 0x00000000c0000000)
  object space 21504K, 35% used [0x00000000b5a00000,0x00000000b6166878,0x00000000b6f00000)

Card table byte_map: [0x00007f789db9f000,0x00007f789ddf3000] byte_map_base: 0x00007f789d5f2000

Polling page: 0x00007f78a1329000

Code Cache  [0x00007f7895000000, 0x00007f7895270000, 0x00007f7898000000)
 total_blobs=1037 nmethods=784 adapters=206 free_code_cache=46957Kb largest_free_block=48020480

Compilation events (10 events):
Event: 5,564 Thread 0x00007f78980ae000  806             com.android.dx.io.instructions.InstructionCodec::access$700 (5 bytes)
Event: 5,565 Thread 0x00007f78980ab000  807             com.android.dx.io.instructions.InstructionCodec::unit0 (3 bytes)
Event: 5,565 Thread 0x00007f78980ab000 nmethod 807 0x00007f78950a3ad0 code [0x00007f78950a3c00, 0x00007f78950a3c38]
Event: 5,565 Thread 0x00007f78980ab000  808             com.android.dx.io.instructions.InstructionCodec::access$800 (5 bytes)
Event: 5,566 Thread 0x00007f78980ab000 nmethod 808 0x00007f78950a6d50 code [0x00007f78950a6e80, 0x00007f78950a6eb8]
Event: 5,566 Thread 0x00007f78980ab000  809             com.android.dx.io.instructions.InstructionCodec::unit1 (6 bytes)
Event: 5,566 Thread 0x00007f78980ab000 nmethod 809 0x00007f78951b7ad0 code [0x00007f78951b7c00, 0x00007f78951b7c38]
Event: 5,566 Thread 0x00007f78980ae000 nmethod 806 0x00007f789509c5d0 code [0x00007f789509c700, 0x00007f789509c738]
Event: 5,771 Thread 0x00007f78980ab000  810             java.nio.Buffer::hasRemaining (17 bytes)
Event: 5,771 Thread 0x00007f78980ab000 nmethod 810 0x00007f7895190c10 code [0x00007f7895190d40, 0x00007f7895190d98]

GC Heap History (10 events):
Event: 2,818 GC heap after
Heap after GC invocations=2 (full 0):
 PSYoungGen      total 51712K, used 3577K [0x00000000eaa80000, 0x00000000ee080000, 0x0000000100000000)
  eden space 48128K, 0% used [0x00000000eaa80000,0x00000000eaa80000,0x00000000ed980000)
  from space 3584K, 99% used [0x00000000edd00000,0x00000000ee07e4b8,0x00000000ee080000)
  to   space 3584K, 0% used [0x00000000ed980000,0x00000000ed980000,0x00000000edd00000)
 ParOldGen       total 62464K, used 7697K [0x00000000c0000000, 0x00000000c3d00000, 0x00000000eaa80000)
  object space 62464K, 12% used [0x00000000c0000000,0x00000000c0784638,0x00000000c3d00000)
 PSPermGen       total 21504K, used 5699K [0x00000000b5a00000, 0x00000000b6f00000, 0x00000000c0000000)
  object space 21504K, 26% used [0x00000000b5a00000,0x00000000b5f90c28,0x00000000b6f00000)
}
Event: 4,165 GC heap before
{Heap before GC invocations=3 (full 0):
 PSYoungGen      total 51712K, used 51705K [0x00000000eaa80000, 0x00000000ee080000, 0x0000000100000000)
  eden space 48128K, 100% used [0x00000000eaa80000,0x00000000ed980000,0x00000000ed980000)
  from space 3584K, 99% used [0x00000000edd00000,0x00000000ee07e4b8,0x00000000ee080000)
  to   space 3584K, 0% used [0x00000000ed980000,0x00000000ed980000,0x00000000edd00000)
 ParOldGen       total 62464K, used 7697K [0x00000000c0000000, 0x00000000c3d00000, 0x00000000eaa80000)
  object space 62464K, 12% used [0x00000000c0000000,0x00000000c0784638,0x00000000c3d00000)
 PSPermGen       total 21504K, used 7410K [0x00000000b5a00000, 0x00000000b6f00000, 0x00000000c0000000)
  object space 21504K, 34% used [0x00000000b5a00000,0x00000000b613ca88,0x00000000b6f00000)
Event: 4,183 GC heap after
Heap after GC invocations=3 (full 0):
 PSYoungGen      total 51712K, used 3558K [0x00000000eaa80000, 0x00000000f0f80000, 0x0000000100000000)
  eden space 48128K, 0% used [0x00000000eaa80000,0x00000000eaa80000,0x00000000ed980000)
  from space 3584K, 99% used [0x00000000ed980000,0x00000000edcf9800,0x00000000edd00000)
  to   space 3584K, 0% used [0x00000000f0c00000,0x00000000f0c00000,0x00000000f0f80000)
 ParOldGen       total 62464K, used 14471K [0x00000000c0000000, 0x00000000c3d00000, 0x00000000eaa80000)
  object space 62464K, 23% used [0x00000000c0000000,0x00000000c0e21e08,0x00000000c3d00000)
 PSPermGen       total 21504K, used 7410K [0x00000000b5a00000, 0x00000000b6f00000, 0x00000000c0000000)
  object space 21504K, 34% used [0x00000000b5a00000,0x00000000b613ca88,0x00000000b6f00000)
}
Event: 4,529 GC heap before
{Heap before GC invocations=4 (full 0):
 PSYoungGen      total 51712K, used 51686K [0x00000000eaa80000, 0x00000000f0f80000, 0x0000000100000000)
  eden space 48128K, 100% used [0x00000000eaa80000,0x00000000ed980000,0x00000000ed980000)
  from space 3584K, 99% used [0x00000000ed980000,0x00000000edcf9800,0x00000000edd00000)
  to   space 3584K, 0% used [0x00000000f0c00000,0x00000000f0c00000,0x00000000f0f80000)
 ParOldGen       total 62464K, used 14471K [0x00000000c0000000, 0x00000000c3d00000, 0x00000000eaa80000)
  object space 62464K, 23% used [0x00000000c0000000,0x00000000c0e21e08,0x00000000c3d00000)
 PSPermGen       total 21504K, used 7451K [0x00000000b5a00000, 0x00000000b6f00000, 0x00000000c0000000)
  object space 21504K, 34% used [0x00000000b5a00000,0x00000000b6146f98,0x00000000b6f00000)
Event: 4,560 GC heap after
Heap after GC invocations=4 (full 0):
 PSYoungGen      total 99840K, used 3573K [0x00000000eaa80000, 0x00000000f0f80000, 0x0000000100000000)
  eden space 96256K, 0% used [0x00000000eaa80000,0x00000000eaa80000,0x00000000f0880000)
  from space 3584K, 99% used [0x00000000f0c00000,0x00000000f0f7d420,0x00000000f0f80000)
  to   space 3584K, 0% used [0x00000000f0880000,0x00000000f0880000,0x00000000f0c00000)
 ParOldGen       total 62464K, used 16854K [0x00000000c0000000, 0x00000000c3d00000, 0x00000000eaa80000)
  object space 62464K, 26% used [0x00000000c0000000,0x00000000c10759d0,0x00000000c3d00000)
 PSPermGen       total 21504K, used 7451K [0x00000000b5a00000, 0x00000000b6f00000, 0x00000000c0000000)
  object space 21504K, 34% used [0x00000000b5a00000,0x00000000b6146f98,0x00000000b6f00000)
}
Event: 5,076 GC heap before
{Heap before GC invocations=5 (full 0):
 PSYoungGen      total 99840K, used 97859K [0x00000000eaa80000, 0x00000000f0f80000, 0x0000000100000000)
  eden space 96256K, 97% used [0x00000000eaa80000,0x00000000f0693a80,0x00000000f0880000)
  from space 3584K, 99% used [0x00000000f0c00000,0x00000000f0f7d420,0x00000000f0f80000)
  to   space 3584K, 0% used [0x00000000f0880000,0x00000000f0880000,0x00000000f0c00000)
 ParOldGen       total 62464K, used 16854K [0x00000000c0000000, 0x00000000c3d00000, 0x00000000eaa80000)
  object space 62464K, 26% used [0x00000000c0000000,0x00000000c10759d0,0x00000000c3d00000)
 PSPermGen       total 21504K, used 7568K [0x00000000b5a00000, 0x00000000b6f00000, 0x00000000c0000000)
  object space 21504K, 35% used [0x00000000b5a00000,0x00000000b6164300,0x00000000b6f00000)
Event: 5,095 GC heap after
Heap after GC invocations=5 (full 0):
 PSYoungGen      total 99840K, used 3557K [0x00000000eaa80000, 0x00000000f7c80000, 0x0000000100000000)
  eden space 96256K, 0% used [0x00000000eaa80000,0x00000000eaa80000,0x00000000f0880000)
  from space 3584K, 99% used [0x00000000f0880000,0x00000000f0bf97c8,0x00000000f0c00000)
  to   space 11264K, 0% used [0x00000000f7180000,0x00000000f7180000,0x00000000f7c80000)
 ParOldGen       total 62464K, used 18888K [0x00000000c0000000, 0x00000000c3d00000, 0x00000000eaa80000)
  object space 62464K, 30% used [0x00000000c0000000,0x00000000c12721c0,0x00000000c3d00000)
 PSPermGen       total 21504K, used 7568K [0x00000000b5a00000, 0x00000000b6f00000, 0x00000000c0000000)
  object space 21504K, 35% used [0x00000000b5a00000,0x00000000b6164300,0x00000000b6f00000)
}
Event: 5,316 GC heap before
{Heap before GC invocations=6 (full 0):
 PSYoungGen      total 99840K, used 99813K [0x00000000eaa80000, 0x00000000f7c80000, 0x0000000100000000)
  eden space 96256K, 100% used [0x00000000eaa80000,0x00000000f0880000,0x00000000f0880000)
  from space 3584K, 99% used [0x00000000f0880000,0x00000000f0bf97c8,0x00000000f0c00000)
  to   space 11264K, 0% used [0x00000000f7180000,0x00000000f7180000,0x00000000f7c80000)
 ParOldGen       total 62464K, used 18888K [0x00000000c0000000, 0x00000000c3d00000, 0x00000000eaa80000)
  object space 62464K, 30% used [0x00000000c0000000,0x00000000c12721c0,0x00000000c3d00000)
 PSPermGen       total 21504K, used 7575K [0x00000000b5a00000, 0x00000000b6f00000, 0x00000000c0000000)
  object space 21504K, 35% used [0x00000000b5a00000,0x00000000b6165ce0,0x00000000b6f00000)
Event: 5,372 GC heap after
Heap after GC invocations=6 (full 0):
 PSYoungGen      total 202240K, used 10907K [0x00000000eaa80000, 0x00000000f7f80000, 0x0000000100000000)
  eden space 190976K, 0% used [0x00000000eaa80000,0x00000000eaa80000,0x00000000f6500000)
  from space 11264K, 96% used [0x00000000f7180000,0x00000000f7c26f38,0x00000000f7c80000)
  to   space 12800K, 0% used [0x00000000f6500000,0x00000000f6500000,0x00000000f7180000)
 ParOldGen       total 62464K, used 18888K [0x00000000c0000000, 0x00000000c3d00000, 0x00000000eaa80000)
  object space 62464K, 30% used [0x00000000c0000000,0x00000000c12721c0,0x00000000c3d00000)
 PSPermGen       total 21504K, used 7575K [0x00000000b5a00000, 0x00000000b6f00000, 0x00000000c0000000)
  object space 21504K, 35% used [0x00000000b5a00000,0x00000000b6165ce0,0x00000000b6f00000)
}
Event: 6,004 GC heap before
{Heap before GC invocations=7 (full 0):
 PSYoungGen      total 202240K, used 201883K [0x00000000eaa80000, 0x00000000f7f80000, 0x0000000100000000)
  eden space 190976K, 100% used [0x00000000eaa80000,0x00000000f6500000,0x00000000f6500000)
  from space 11264K, 96% used [0x00000000f7180000,0x00000000f7c26f38,0x00000000f7c80000)
  to   space 12800K, 0% used [0x00000000f6500000,0x00000000f6500000,0x00000000f7180000)
 ParOldGen       total 62464K, used 18888K [0x00000000c0000000, 0x00000000c3d00000, 0x00000000eaa80000)
  object space 62464K, 30% used [0x00000000c0000000,0x00000000c12721c0,0x00000000c3d00000)
 PSPermGen       total 21504K, used 7578K [0x00000000b5a00000, 0x00000000b6f00000, 0x00000000c0000000)
  object space 21504K, 35% used [0x00000000b5a00000,0x00000000b6166878,0x00000000b6f00000)

Deoptimization events (10 events):
Event: 4,631 Thread 0x00007f789800c000 Uncommon trap: reason=array_check action=maybe_recompile pc=0x00007f789507de04 method=java.util.ComparableTimSort.binarySort([Ljava/lang/Object;III)V @ 193
Event: 4,654 Thread 0x00007f789800c000 Uncommon trap: reason=predicate action=maybe_recompile pc=0x00007f78950916d8 method=java.util.TimSort.binarySort([Ljava/lang/Object;IIILjava/util/Comparator;)V @ 37
Event: 4,697 Thread 0x00007f789800c000 Uncommon trap: reason=array_check action=maybe_recompile pc=0x00007f789507dd48 method=java.util.ComparableTimSort.binarySort([Ljava/lang/Object;III)V @ 215
Event: 4,698 Thread 0x00007f789800c000 Uncommon trap: reason=array_check action=maybe_recompile pc=0x00007f789507de04 method=java.util.ComparableTimSort.binarySort([Ljava/lang/Object;III)V @ 193
Event: 4,777 Thread 0x00007f789800c000 Uncommon trap: reason=array_check action=maybe_recompile pc=0x00007f78950c62cc method=java.util.TimSort.binarySort([Ljava/lang/Object;IIILjava/util/Comparator;)V @ 215
Event: 4,777 Thread 0x00007f789800c000 Uncommon trap: reason=array_check action=maybe_recompile pc=0x00007f78950c648c method=java.util.TimSort.binarySort([Ljava/lang/Object;IIILjava/util/Comparator;)V @ 183
Event: 4,777 Thread 0x00007f789800c000 Uncommon trap: reason=array_check action=maybe_recompile pc=0x00007f78950c63bc method=java.util.TimSort.binarySort([Ljava/lang/Object;IIILjava/util/Comparator;)V @ 193
Event: 4,777 Thread 0x00007f789800c000 Uncommon trap: reason=array_check action=maybe_recompile pc=0x00007f78950c62cc method=java.util.TimSort.binarySort([Ljava/lang/Object;IIILjava/util/Comparator;)V @ 215
Event: 4,940 Thread 0x00007f789800c000 Uncommon trap: reason=array_check action=maybe_recompile pc=0x00007f78951ea41c method=java.util.ComparableTimSort.binarySort([Ljava/lang/Object;III)V @ 183
Event: 5,076 Thread 0x00007f789800c000 Uncommon trap: reason=array_check action=maybe_recompile pc=0x00007f78951ea41c method=java.util.ComparableTimSort.binarySort([Ljava/lang/Object;III)V @ 183

Internal exceptions (10 events):
Event: 3,649 Thread 0x00007f789800c000 Threw 0x00000000ec2cc5a8 at /build/openjdk-7-yI9zWD/openjdk-7-7u79-2.5.6/build/openjdk/hotspot/src/share/vm/prims/jvm.cpp:1284
Event: 3,651 Thread 0x00007f789800c000 Threw 0x00000000ec2d3fe8 at /build/openjdk-7-yI9zWD/openjdk-7-7u79-2.5.6/build/openjdk/hotspot/src/share/vm/prims/jvm.cpp:1284
Event: 3,651 Thread 0x00007f789800c000 Threw 0x00000000ec2d6af8 at /build/openjdk-7-yI9zWD/openjdk-7-7u79-2.5.6/build/openjdk/hotspot/src/share/vm/prims/jvm.cpp:1284
Event: 3,736 Thread 0x00007f789800c000 Threw 0x00000000ec3e1948 at /build/openjdk-7-yI9zWD/openjdk-7-7u79-2.5.6/build/openjdk/hotspot/src/share/vm/prims/jvm.cpp:1284
Event: 3,736 Thread 0x00007f789800c000 Threw 0x00000000ec3e1a70 at /build/openjdk-7-yI9zWD/openjdk-7-7u79-2.5.6/build/openjdk/hotspot/src/share/vm/prims/jvm.cpp:1284
Event: 3,737 Thread 0x00007f789800c000 Threw 0x00000000ec3e4120 at /build/openjdk-7-yI9zWD/openjdk-7-7u79-2.5.6/build/openjdk/hotspot/src/share/vm/prims/jvm.cpp:1284
Event: 3,737 Thread 0x00007f789800c000 Threw 0x00000000ec3e4248 at /build/openjdk-7-yI9zWD/openjdk-7-7u79-2.5.6/build/openjdk/hotspot/src/share/vm/prims/jvm.cpp:1284
Event: 3,737 Thread 0x00007f789800c000 Threw 0x00000000ec3e4c48 at /build/openjdk-7-yI9zWD/openjdk-7-7u79-2.5.6/build/openjdk/hotspot/src/share/vm/prims/jvm.cpp:1284
Event: 3,737 Thread 0x00007f789800c000 Threw 0x00000000ec3e4d70 at /build/openjdk-7-yI9zWD/openjdk-7-7u79-2.5.6/build/openjdk/hotspot/src/share/vm/prims/jvm.cpp:1284
Event: 4,163 Thread 0x00007f789800c000 Threw 0x00000000ed966c80 at /build/openjdk-7-yI9zWD/openjdk-7-7u79-2.5.6/build/openjdk/hotspot/src/share/vm/prims/jvm.cpp:1284

Events (10 events):
Event: 5,107 Thread 0x00007f78980ae000 flushing nmethod 0x00007f78950f0950
Event: 5,114 Thread 0x00007f78980ab000 flushing nmethod 0x00007f789515a990
Event: 5,120 Thread 0x00007f78980ae000 flushing nmethod 0x00007f789516d010
Event: 5,316 Executing VM operation: ParallelGCFailedAllocation
Event: 5,372 Executing VM operation: ParallelGCFailedAllocation done
Event: 5,403 Thread 0x00007f78980ab000 flushing nmethod 0x00007f78950cc190
Event: 5,458 Thread 0x00007f78980ae000 flushing nmethod 0x00007f7895169ad0
Event: 5,468 Thread 0x00007f78980ab000 flushing nmethod 0x00007f7895178510
Event: 5,468 Thread 0x00007f78980ae000 flushing nmethod 0x00007f7895190950
Event: 6,004 Executing VM operation: ParallelGCFailedAllocation


Dynamic libraries:
00400000-00401000 r-xp 00000000 08:08 7740768                            /usr/lib/jvm/java-7-openjdk-amd64/jre/bin/java
00600000-00601000 r--p 00000000 08:08 7740768                            /usr/lib/jvm/java-7-openjdk-amd64/jre/bin/java
00601000-00602000 rw-p 00001000 08:08 7740768                            /usr/lib/jvm/java-7-openjdk-amd64/jre/bin/java
0112e000-0114f000 rw-p 00000000 00:00 0                                  [heap]
b5a00000-b6f00000 rw-p 00000000 00:00 0 
b6f00000-c0000000 rw-p 00000000 00:00 0 
c0000000-c3d00000 rw-p 00000000 00:00 0 
c3d00000-eaa80000 rw-p 00000000 00:00 0 
eaa80000-f7f80000 rw-p 00000000 00:00 0 
7f7858000000-7f7858021000 rw-p 00000000 00:00 0 
7f7858021000-7f785c000000 ---p 00000000 00:00 0 
7f7860000000-7f7860021000 rw-p 00000000 00:00 0 
7f7860021000-7f7864000000 ---p 00000000 00:00 0 
7f7868000000-7f78688d9000 rw-p 00000000 00:00 0 
7f78688d9000-7f786c000000 ---p 00000000 00:00 0 
7f786c000000-7f786cae8000 rw-p 00000000 00:00 0 
7f786cae8000-7f7870000000 ---p 00000000 00:00 0 
7f7870000000-7f7870021000 rw-p 00000000 00:00 0 
7f7870021000-7f7874000000 ---p 00000000 00:00 0 
7f7874000000-7f7874021000 rw-p 00000000 00:00 0 
7f7874021000-7f7878000000 ---p 00000000 00:00 0 
7f7878000000-7f78780e2000 rw-p 00000000 00:00 0 
7f78780e2000-7f787c000000 ---p 00000000 00:00 0 
7f787c000000-7f787c021000 rw-p 00000000 00:00 0 
7f787c021000-7f7880000000 ---p 00000000 00:00 0 
7f7880000000-7f7880021000 rw-p 00000000 00:00 0 
7f7880021000-7f7884000000 ---p 00000000 00:00 0 
7f7884000000-7f7884021000 rw-p 00000000 00:00 0 
7f7884021000-7f7888000000 ---p 00000000 00:00 0 
7f7888000000-7f7888021000 rw-p 00000000 00:00 0 
7f7888021000-7f788c000000 ---p 00000000 00:00 0 
7f788c0bd000-7f788c51e000 rw-p 00000000 00:00 0 
7f788c51e000-7f788c58a000 r-xp 00000000 08:08 2503843                    /lib/x86_64-linux-gnu/libpcre.so.3.13.1
7f788c58a000-7f788c789000 ---p 0006c000 08:08 2503843                    /lib/x86_64-linux-gnu/libpcre.so.3.13.1
7f788c789000-7f788c78a000 r--p 0006b000 08:08 2503843                    /lib/x86_64-linux-gnu/libpcre.so.3.13.1
7f788c78a000-7f788c78b000 rw-p 0006c000 08:08 2503843                    /lib/x86_64-linux-gnu/libpcre.so.3.13.1
7f788c78b000-7f788c792000 r-xp 00000000 08:08 6686865                    /usr/lib/x86_64-linux-gnu/libffi.so.6.0.4
7f788c792000-7f788c991000 ---p 00007000 08:08 6686865                    /usr/lib/x86_64-linux-gnu/libffi.so.6.0.4
7f788c991000-7f788c992000 r--p 00006000 08:08 6686865                    /usr/lib/x86_64-linux-gnu/libffi.so.6.0.4
7f788c992000-7f788c993000 rw-p 00007000 08:08 6686865                    /usr/lib/x86_64-linux-gnu/libffi.so.6.0.4
7f788c993000-7f788c9aa000 r-xp 00000000 08:08 2496916                    /lib/x86_64-linux-gnu/libresolv-2.21.so
7f788c9aa000-7f788cbaa000 ---p 00017000 08:08 2496916                    /lib/x86_64-linux-gnu/libresolv-2.21.so
7f788cbaa000-7f788cbac000 r--p 00017000 08:08 2496916                    /lib/x86_64-linux-gnu/libresolv-2.21.so
7f788cbac000-7f788cbad000 rw-p 00019000 08:08 2496916                    /lib/x86_64-linux-gnu/libresolv-2.21.so
7f788cbad000-7f788cbaf000 rw-p 00000000 00:00 0 
7f788cbaf000-7f788cbd0000 r-xp 00000000 08:08 2490411                    /lib/x86_64-linux-gnu/libselinux.so.1
7f788cbd0000-7f788cdcf000 ---p 00021000 08:08 2490411                    /lib/x86_64-linux-gnu/libselinux.so.1
7f788cdcf000-7f788cdd0000 r--p 00020000 08:08 2490411                    /lib/x86_64-linux-gnu/libselinux.so.1
7f788cdd0000-7f788cdd1000 rw-p 00021000 08:08 2490411                    /lib/x86_64-linux-gnu/libselinux.so.1
7f788cdd1000-7f788cdd3000 rw-p 00000000 00:00 0 
7f788cdd3000-7f788cdd6000 r-xp 00000000 08:08 6686394                    /usr/lib/x86_64-linux-gnu/libgmodule-2.0.so.0.4400.1
7f788cdd6000-7f788cfd5000 ---p 00003000 08:08 6686394                    /usr/lib/x86_64-linux-gnu/libgmodule-2.0.so.0.4400.1
7f788cfd5000-7f788cfd6000 r--p 00002000 08:08 6686394                    /usr/lib/x86_64-linux-gnu/libgmodule-2.0.so.0.4400.1
7f788cfd6000-7f788cfd7000 rw-p 00003000 08:08 6686394                    /usr/lib/x86_64-linux-gnu/libgmodule-2.0.so.0.4400.1
7f788cfd7000-7f788d0e4000 r-xp 00000000 08:08 2490413                    /lib/x86_64-linux-gnu/libglib-2.0.so.0.4400.1
7f788d0e4000-7f788d2e3000 ---p 0010d000 08:08 2490413                    /lib/x86_64-linux-gnu/libglib-2.0.so.0.4400.1
7f788d2e3000-7f788d2e4000 r--p 0010c000 08:08 2490413                    /lib/x86_64-linux-gnu/libglib-2.0.so.0.4400.1
7f788d2e4000-7f788d2e5000 rw-p 0010d000 08:08 2490413                    /lib/x86_64-linux-gnu/libglib-2.0.so.0.4400.1
7f788d2e5000-7f788d2e6000 rw-p 00000000 00:00 0 
7f788d2e6000-7f788d336000 r-xp 00000000 08:08 6686175                    /usr/lib/x86_64-linux-gnu/libgobject-2.0.so.0.4400.1
7f788d336000-7f788d536000 ---p 00050000 08:08 6686175                    /usr/lib/x86_64-linux-gnu/libgobject-2.0.so.0.4400.1
7f788d536000-7f788d537000 r--p 00050000 08:08 6686175                    /usr/lib/x86_64-linux-gnu/libgobject-2.0.so.0.4400.1
7f788d537000-7f788d538000 rw-p 00051000 08:08 6686175                    /usr/lib/x86_64-linux-gnu/libgobject-2.0.so.0.4400.1
7f788d538000-7f788d6b0000 r-xp 00000000 08:08 6686194                    /usr/lib/x86_64-linux-gnu/libgio-2.0.so.0.4400.1
7f788d6b0000-7f788d8b0000 ---p 00178000 08:08 6686194                    /usr/lib/x86_64-linux-gnu/libgio-2.0.so.0.4400.1
7f788d8b0000-7f788d8b4000 r--p 00178000 08:08 6686194                    /usr/lib/x86_64-linux-gnu/libgio-2.0.so.0.4400.1
7f788d8b4000-7f788d8b6000 rw-p 0017c000 08:08 6686194                    /usr/lib/x86_64-linux-gnu/libgio-2.0.so.0.4400.1
7f788d8b6000-7f788d8b8000 rw-p 00000000 00:00 0 
7f788d8b8000-7f788d8cf000 r-xp 00000000 08:08 7998483                    /usr/lib/jvm/java-7-openjdk-amd64/jre/lib/amd64/libnet.so
7f788d8cf000-7f788dace000 ---p 00017000 08:08 7998483                    /usr/lib/jvm/java-7-openjdk-amd64/jre/lib/amd64/libnet.so
7f788dace000-7f788dacf000 r--p 00016000 08:08 7998483                    /usr/lib/jvm/java-7-openjdk-amd64/jre/lib/amd64/libnet.so
7f788dacf000-7f788dad0000 rw-p 00017000 08:08 7998483                    /usr/lib/jvm/java-7-openjdk-amd64/jre/lib/amd64/libnet.so
7f788dad0000-7f7890000000 rw-p 00000000 00:00 0 
7f7890000000-7f7890021000 rw-p 00000000 00:00 0 
7f7890021000-7f7894000000 ---p 00000000 00:00 0 
7f78940a8000-7f78940b9000 r-xp 00000000 08:08 7998499                    /usr/lib/jvm/java-7-openjdk-amd64/jre/lib/amd64/libnio.so
7f78940b9000-7f78942b8000 ---p 00011000 08:08 7998499                    /usr/lib/jvm/java-7-openjdk-amd64/jre/lib/amd64/libnio.so
7f78942b8000-7f78942b9000 r--p 00010000 08:08 7998499                    /usr/lib/jvm/java-7-openjdk-amd64/jre/lib/amd64/libnio.so
7f78942b9000-7f78942ba000 rw-p 00011000 08:08 7998499                    /usr/lib/jvm/java-7-openjdk-amd64/jre/lib/amd64/libnio.so
7f78942ba000-7f78942bb000 ---p 00000000 00:00 0 
7f78942bb000-7f78943bb000 rw-p 00000000 00:00 0                          [stack:13554]
7f78943bb000-7f78943be000 ---p 00000000 00:00 0 
7f78943be000-7f78944bc000 rw-p 00000000 00:00 0                          [stack:13553]
7f78944bc000-7f78944bf000 ---p 00000000 00:00 0 
7f78944bf000-7f78945bd000 rw-p 00000000 00:00 0                          [stack:13552]
7f78945bd000-7f78945c0000 ---p 00000000 00:00 0 
7f78945c0000-7f78946be000 rw-p 00000000 00:00 0                          [stack:13551]
7f78946be000-7f78946c1000 ---p 00000000 00:00 0 
7f78946c1000-7f78947bf000 rw-p 00000000 00:00 0                          [stack:13550]
7f78947bf000-7f7894cfd000 r--p 00000000 08:08 6684870                    /usr/lib/locale/locale-archive
7f7894cfd000-7f7894d00000 ---p 00000000 00:00 0 
7f7894d00000-7f7894dfe000 rw-p 00000000 00:00 0                          [stack:13549]
7f7894dfe000-7f7894e01000 ---p 00000000 00:00 0 
7f7894e01000-7f7894eff000 rw-p 00000000 00:00 0                          [stack:13548]
7f7894eff000-7f7894f00000 ---p 00000000 00:00 0 
7f7894f00000-7f7895000000 rw-p 00000000 00:00 0                          [stack:13547]
7f7895000000-7f7895270000 rwxp 00000000 00:00 0 
7f7895270000-7f789824e000 rw-p 00000000 00:00 0 
7f789824e000-7f789c000000 ---p 00000000 00:00 0 
7f789c0b7000-7f789c0be000 r--s 00000000 08:08 7086640                    /usr/lib/x86_64-linux-gnu/gconv/gconv-modules.cache
7f789c0be000-7f789c0e4000 r--p 00000000 08:08 8267429                    /usr/share/locale-langpack/es/LC_MESSAGES/libc.mo
7f789c0e4000-7f789c0e9000 r--s 0004d000 08:08 7734444                    /usr/lib/jvm/java-7-openjdk-amd64/jre/lib/jsse.jar
7f789c0e9000-7f789c0f8000 r--s 000dd000 08:08 5113337                    /root/Android/Sdk/build-tools/21.1.2/lib/dx.jar
7f789c0f8000-7f789d0f5000 rw-p 00000000 00:00 0 
7f789d0f5000-7f789d2a6000 r--s 01d29000 08:08 7734434                    /usr/lib/jvm/java-7-openjdk-amd64/jre/lib/rt.jar
7f789d2a6000-7f789d5f2000 rw-p 00000000 00:00 0 
7f789d5f2000-7f789d5f3000 ---p 00000000 00:00 0 
7f789d5f3000-7f789d6f3000 rw-p 00000000 00:00 0                          [stack:13546]
7f789d6f3000-7f789d6f4000 ---p 00000000 00:00 0 
7f789d6f4000-7f789d7f4000 rw-p 00000000 00:00 0                          [stack:13545]
7f789d7f4000-7f789d7f5000 ---p 00000000 00:00 0 
7f789d7f5000-7f789d8f5000 rw-p 00000000 00:00 0                          [stack:13544]
7f789d8f5000-7f789d8f6000 ---p 00000000 00:00 0 
7f789d8f6000-7f789da01000 rw-p 00000000 00:00 0                          [stack:13543]
7f789da01000-7f789da49000 rw-p 00000000 00:00 0 
7f789da49000-7f789da68000 rw-p 00000000 00:00 0 
7f789da68000-7f789db9f000 rw-p 00000000 00:00 0 
7f789db9f000-7f789dbaa000 rw-p 00000000 00:00 0 
7f789dbaa000-7f789dbf2000 rw-p 00000000 00:00 0 
7f789dbf2000-7f789dc11000 rw-p 00000000 00:00 0 
7f789dc11000-7f789dd47000 rw-p 00000000 00:00 0 
7f789dd47000-7f789ddb2000 rw-p 00000000 00:00 0 
7f789ddb2000-7f789ddf2000 rw-p 00000000 00:00 0 
7f789ddf2000-7f789ddf3000 rw-p 00000000 00:00 0 
7f789ddf3000-7f789ddfb000 r-xp 00000000 08:08 7996246                    /usr/lib/jvm/java-7-openjdk-amd64/jre/lib/amd64/libzip.so
7f789ddfb000-7f789dffa000 ---p 00008000 08:08 7996246                    /usr/lib/jvm/java-7-openjdk-amd64/jre/lib/amd64/libzip.so
7f789dffa000-7f789dffb000 r--p 00007000 08:08 7996246                    /usr/lib/jvm/java-7-openjdk-amd64/jre/lib/amd64/libzip.so
7f789dffb000-7f789dffc000 rw-p 00008000 08:08 7996246                    /usr/lib/jvm/java-7-openjdk-amd64/jre/lib/amd64/libzip.so
7f789dffc000-7f789e008000 r-xp 00000000 08:08 2500599                    /lib/x86_64-linux-gnu/libnss_files-2.21.so
7f789e008000-7f789e207000 ---p 0000c000 08:08 2500599                    /lib/x86_64-linux-gnu/libnss_files-2.21.so
7f789e207000-7f789e208000 r--p 0000b000 08:08 2500599                    /lib/x86_64-linux-gnu/libnss_files-2.21.so
7f789e208000-7f789e209000 rw-p 0000c000 08:08 2500599                    /lib/x86_64-linux-gnu/libnss_files-2.21.so
7f789e209000-7f789e214000 r-xp 00000000 08:08 2494329                    /lib/x86_64-linux-gnu/libnss_nis-2.21.so
7f789e214000-7f789e413000 ---p 0000b000 08:08 2494329                    /lib/x86_64-linux-gnu/libnss_nis-2.21.so
7f789e413000-7f789e414000 r--p 0000a000 08:08 2494329                    /lib/x86_64-linux-gnu/libnss_nis-2.21.so
7f789e414000-7f789e415000 rw-p 0000b000 08:08 2494329                    /lib/x86_64-linux-gnu/libnss_nis-2.21.so
7f789e415000-7f789e42c000 r-xp 00000000 08:08 2500605                    /lib/x86_64-linux-gnu/libnsl-2.21.so
7f789e42c000-7f789e62b000 ---p 00017000 08:08 2500605                    /lib/x86_64-linux-gnu/libnsl-2.21.so
7f789e62b000-7f789e62c000 r--p 00016000 08:08 2500605                    /lib/x86_64-linux-gnu/libnsl-2.21.so
7f789e62c000-7f789e62d000 rw-p 00017000 08:08 2500605                    /lib/x86_64-linux-gnu/libnsl-2.21.so
7f789e62d000-7f789e62f000 rw-p 00000000 00:00 0 
7f789e62f000-7f789e637000 r-xp 00000000 08:08 2500601                    /lib/x86_64-linux-gnu/libnss_compat-2.21.so
7f789e637000-7f789e836000 ---p 00008000 08:08 2500601                    /lib/x86_64-linux-gnu/libnss_compat-2.21.so
7f789e836000-7f789e837000 r--p 00007000 08:08 2500601                    /lib/x86_64-linux-gnu/libnss_compat-2.21.so
7f789e837000-7f789e838000 rw-p 00008000 08:08 2500601                    /lib/x86_64-linux-gnu/libnss_compat-2.21.so
7f789e838000-7f789e865000 r-xp 00000000 08:08 7998509                    /usr/lib/jvm/java-7-openjdk-amd64/jre/lib/amd64/libjava.so
7f789e865000-7f789ea64000 ---p 0002d000 08:08 7998509                    /usr/lib/jvm/java-7-openjdk-amd64/jre/lib/amd64/libjava.so
7f789ea64000-7f789ea65000 r--p 0002c000 08:08 7998509                    /usr/lib/jvm/java-7-openjdk-amd64/jre/lib/amd64/libjava.so
7f789ea65000-7f789ea67000 rw-p 0002d000 08:08 7998509                    /usr/lib/jvm/java-7-openjdk-amd64/jre/lib/amd64/libjava.so
7f789ea67000-7f789ea76000 r-xp 00000000 08:08 7998373                    /usr/lib/jvm/java-7-openjdk-amd64/jre/lib/amd64/libverify.so
7f789ea76000-7f789ec75000 ---p 0000f000 08:08 7998373                    /usr/lib/jvm/java-7-openjdk-amd64/jre/lib/amd64/libverify.so
7f789ec75000-7f789ec78000 r--p 0000e000 08:08 7998373                    /usr/lib/jvm/java-7-openjdk-amd64/jre/lib/amd64/libverify.so
7f789ec78000-7f789ec79000 rw-p 00011000 08:08 7998373                    /usr/lib/jvm/java-7-openjdk-amd64/jre/lib/amd64/libverify.so
7f789ec79000-7f789ec80000 r-xp 00000000 08:08 2500606                    /lib/x86_64-linux-gnu/librt-2.21.so
7f789ec80000-7f789ee7f000 ---p 00007000 08:08 2500606                    /lib/x86_64-linux-gnu/librt-2.21.so
7f789ee7f000-7f789ee80000 r--p 00006000 08:08 2500606                    /lib/x86_64-linux-gnu/librt-2.21.so
7f789ee80000-7f789ee81000 rw-p 00007000 08:08 2500606                    /lib/x86_64-linux-gnu/librt-2.21.so
7f789ee81000-7f789ee97000 r-xp 00000000 08:08 2499043                    /lib/x86_64-linux-gnu/libgcc_s.so.1
7f789ee97000-7f789f096000 ---p 00016000 08:08 2499043                    /lib/x86_64-linux-gnu/libgcc_s.so.1
7f789f096000-7f789f097000 rw-p 00015000 08:08 2499043                    /lib/x86_64-linux-gnu/libgcc_s.so.1
7f789f097000-7f789f19e000 r-xp 00000000 08:08 2500604                    /lib/x86_64-linux-gnu/libm-2.21.so
7f789f19e000-7f789f39d000 ---p 00107000 08:08 2500604                    /lib/x86_64-linux-gnu/libm-2.21.so
7f789f39d000-7f789f39e000 r--p 00106000 08:08 2500604                    /lib/x86_64-linux-gnu/libm-2.21.so
7f789f39e000-7f789f39f000 rw-p 00107000 08:08 2500604                    /lib/x86_64-linux-gnu/libm-2.21.so
7f789f39f000-7f789f48f000 r-xp 00000000 08:08 6684786                    /usr/lib/x86_64-linux-gnu/libstdc++.so.6.0.20
7f789f48f000-7f789f68f000 ---p 000f0000 08:08 6684786                    /usr/lib/x86_64-linux-gnu/libstdc++.so.6.0.20
7f789f68f000-7f789f697000 r--p 000f0000 08:08 6684786                    /usr/lib/x86_64-linux-gnu/libstdc++.so.6.0.20
7f789f697000-7f789f699000 rw-p 000f8000 08:08 6684786                    /usr/lib/x86_64-linux-gnu/libstdc++.so.6.0.20
7f789f699000-7f789f6ae000 rw-p 00000000 00:00 0 
7f789f6ae000-7f78a0206000 r-xp 00000000 08:08 7998168                    /usr/lib/jvm/java-7-openjdk-amd64/jre/lib/amd64/server/libjvm.so
7f78a0206000-7f78a0405000 ---p 00b58000 08:08 7998168                    /usr/lib/jvm/java-7-openjdk-amd64/jre/lib/amd64/server/libjvm.so
7f78a0405000-7f78a04a4000 r--p 00b57000 08:08 7998168                    /usr/lib/jvm/java-7-openjdk-amd64/jre/lib/amd64/server/libjvm.so
7f78a04a4000-7f78a04c7000 rw-p 00bf6000 08:08 7998168                    /usr/lib/jvm/java-7-openjdk-amd64/jre/lib/amd64/server/libjvm.so
7f78a04c7000-7f78a04f4000 rw-p 00000000 00:00 0 
7f78a04f4000-7f78a050d000 r-xp 00000000 08:08 2494353                    /lib/x86_64-linux-gnu/libz.so.1.2.8
7f78a050d000-7f78a070d000 ---p 00019000 08:08 2494353                    /lib/x86_64-linux-gnu/libz.so.1.2.8
7f78a070d000-7f78a070e000 r--p 00019000 08:08 2494353                    /lib/x86_64-linux-gnu/libz.so.1.2.8
7f78a070e000-7f78a070f000 rw-p 0001a000 08:08 2494353                    /lib/x86_64-linux-gnu/libz.so.1.2.8
7f78a070f000-7f78a0727000 r-xp 00000000 08:08 2496721                    /lib/x86_64-linux-gnu/libpthread-2.21.so
7f78a0727000-7f78a0927000 ---p 00018000 08:08 2496721                    /lib/x86_64-linux-gnu/libpthread-2.21.so
7f78a0927000-7f78a0928000 r--p 00018000 08:08 2496721                    /lib/x86_64-linux-gnu/libpthread-2.21.so
7f78a0928000-7f78a0929000 rw-p 00019000 08:08 2496721                    /lib/x86_64-linux-gnu/libpthread-2.21.so
7f78a0929000-7f78a092d000 rw-p 00000000 00:00 0 
7f78a092d000-7f78a0930000 r-xp 00000000 08:08 2496717                    /lib/x86_64-linux-gnu/libdl-2.21.so
7f78a0930000-7f78a0b2f000 ---p 00003000 08:08 2496717                    /lib/x86_64-linux-gnu/libdl-2.21.so
7f78a0b2f000-7f78a0b30000 r--p 00002000 08:08 2496717                    /lib/x86_64-linux-gnu/libdl-2.21.so
7f78a0b30000-7f78a0b31000 rw-p 00003000 08:08 2496717                    /lib/x86_64-linux-gnu/libdl-2.21.so
7f78a0b31000-7f78a0cf1000 r-xp 00000000 08:08 2500609                    /lib/x86_64-linux-gnu/libc-2.21.so
7f78a0cf1000-7f78a0ef1000 ---p 001c0000 08:08 2500609                    /lib/x86_64-linux-gnu/libc-2.21.so
7f78a0ef1000-7f78a0ef5000 r--p 001c0000 08:08 2500609                    /lib/x86_64-linux-gnu/libc-2.21.so
7f78a0ef5000-7f78a0ef7000 rw-p 001c4000 08:08 2500609                    /lib/x86_64-linux-gnu/libc-2.21.so
7f78a0ef7000-7f78a0efb000 rw-p 00000000 00:00 0 
7f78a0efb000-7f78a0f08000 r-xp 00000000 08:08 7998165                    /usr/lib/jvm/java-7-openjdk-amd64/jre/lib/amd64/jli/libjli.so
7f78a0f08000-7f78a1107000 ---p 0000d000 08:08 7998165                    /usr/lib/jvm/java-7-openjdk-amd64/jre/lib/amd64/jli/libjli.so
7f78a1107000-7f78a1108000 r--p 0000c000 08:08 7998165                    /usr/lib/jvm/java-7-openjdk-amd64/jre/lib/amd64/jli/libjli.so
7f78a1108000-7f78a1109000 rw-p 0000d000 08:08 7998165                    /usr/lib/jvm/java-7-openjdk-amd64/jre/lib/amd64/jli/libjli.so
7f78a1109000-7f78a112d000 r-xp 00000000 08:08 2496720                    /lib/x86_64-linux-gnu/ld-2.21.so
7f78a112d000-7f78a1131000 r--s 00034000 08:08 7734454                    /usr/lib/jvm/java-7-openjdk-amd64/jre/lib/ext/sunjce_provider.jar
7f78a1131000-7f78a113b000 rw-p 00000000 00:00 0 
7f78a113b000-7f78a11f1000 rw-p 00000000 00:00 0 
7f78a11f1000-7f78a11f4000 ---p 00000000 00:00 0 
7f78a11f4000-7f78a12f8000 rw-p 00000000 00:00 0                          [stack:13542]
7f78a12f8000-7f78a12fa000 r--s 00006000 08:08 7080010                    /usr/share/java/java-atk-wrapper.jar
7f78a12fa000-7f78a12fc000 r--s 00012000 08:08 7734457                    /usr/lib/jvm/java-7-openjdk-amd64/jre/lib/ext/zipfs.jar
7f78a12fc000-7f78a12fd000 r--s 00002000 08:08 7734453                    /usr/lib/jvm/java-7-openjdk-amd64/jre/lib/ext/dnsns.jar
7f78a12fd000-7f78a1301000 r--s 00085000 08:08 7734452                    /usr/lib/jvm/java-7-openjdk-amd64/jre/lib/ext/localedata.jar
7f78a1301000-7f78a1305000 r--s 0003c000 08:08 7734455                    /usr/lib/jvm/java-7-openjdk-amd64/jre/lib/ext/sunpkcs11.jar
7f78a1305000-7f78a1308000 r--s 0000f000 08:08 7734456                    /usr/lib/jvm/java-7-openjdk-amd64/jre/lib/ext/icedtea-sound.jar
7f78a1308000-7f78a1320000 rw-p 00000000 00:00 0 
7f78a1320000-7f78a1328000 rw-s 00000000 08:08 7614766                    /tmp/hsperfdata_root/13537
7f78a1328000-7f78a1329000 rw-p 00000000 00:00 0 
7f78a1329000-7f78a132a000 ---p 00000000 00:00 0 
7f78a132a000-7f78a132c000 rw-p 00000000 00:00 0 
7f78a132c000-7f78a132d000 r--p 00023000 08:08 2496720                    /lib/x86_64-linux-gnu/ld-2.21.so
7f78a132d000-7f78a132e000 rw-p 00024000 08:08 2496720                    /lib/x86_64-linux-gnu/ld-2.21.so
7f78a132e000-7f78a132f000 rw-p 00000000 00:00 0 
7ffd6273c000-7ffd6275e000 rw-p 00000000 00:00 0                          [stack]
7ffd62790000-7ffd62792000 r--p 00000000 00:00 0                          [vvar]
7ffd62792000-7ffd62794000 r-xp 00000000 00:00 0                          [vdso]
ffffffffff600000-ffffffffff601000 r-xp 00000000 00:00 0                  [vsyscall]

VM Arguments:
jvm_args: -Xmx1024M -Dfile.encoding=UTF-8 -Duser.country=PE -Duser.language=es -Duser.variant 
java_command: com.android.dx.command.Main --dex --output /home/jan/dragonradar/app/build/intermediates/dex/debug /home/jan/dragonradar/app/build/intermediates/classes/debug /home/jan/dragonradar/app/build/intermediates/pre-dexed/debug/classes-fe0c93fe9ad25cbfc44ed561dc9bdef00698905d.jar /home/jan/dragonradar/app/build/intermediates/pre-dexed/debug/support-annotations-22.1.1-3d55f01eb05961076fb5552dc6085f13f92950ab.jar /home/jan/dragonradar/app/build/intermediates/pre-dexed/debug/classes-0b102effe496d9e7040d5449aba12ca881d9f195.jar /home/jan/dragonradar/app/build/intermediates/pre-dexed/debug/classes-914c08d8edaff4cfe2c629ab6962e66383978191.jar /home/jan/dragonradar/app/build/intermediates/pre-dexed/debug/classes-483e5731821198a896cffbba176aa67792790161.jar /home/jan/dragonradar/app/build/intermediates/pre-dexed/debug/classes-501379f367e048e0d8130ecb57e151a2da55aa5e.jar /home/jan/dragonradar/app/build/intermediates/pre-dexed/debug/classes-8bae38916f88e2b8c2816709734206d2f0c2db0d.jar /home/jan/dragonradar/app/build/intermediates/pre-dexed/debug/okhttp-urlconnection-2.3.0-f9464b2053e776f78ae070c09e4d44268d0bf961.jar /home/jan/dragonradar/app/build/intermediates/pre-dexed/debug/disklrucache-2.0.2-d8fb83b5d7166fc0667fc24be849ba705cf15e12.jar /home/jan/dragonradar/app/build/intermediates/pre-dexed/debug/classes-09fec9d5e74821b55b43304355081eeecc73c80d.jar /home/jan/dragonradar/app/build/intermediates/pre-dexed/debug/classes-a53943723d8188c88ed26894626a3aa5702b9c64.jar /home/jan/dragonradar/app/build/intermediates/pre-dexed/debug/okio-1.3.0-31aee3b9a57a45e875b083674e8de9cda80789db.jar /home/jan/dragonradar/app/build/intermediates/pre-dexed/debug/classes-69ae25718d5fe6971c84ef62983d079969c3a875.jar /home/jan/dragonradar/app/build/intermediates/pre-dexed/debug/library-2.4.0-966625304e7208badec13abab7a99ab1be33bd6f.jar /home/jan/dragonradar/app/build/intermediates/pre-dexed/debug/classes-c26be35c793c4bd6d5ba90545bef8e0005ecd30c.jar /home/jan/dragonradar/app/build/intermedia
Launcher Type: SUN_STANDARD

Environment Variables:
PATH=/usr/local/sbin:/usr/local/bin:/usr/sbin:/usr/bin:/sbin:/bin
USERNAME=root
LD_LIBRARY_PATH=.:
SHELL=/bin/bash
DISPLAY=:0

Signal Handlers:
SIGSEGV: [libjvm.so+0x98ac50], sa_mask[0]=0x7ffbfeff, sa_flags=0x10000004
SIGBUS: [libjvm.so+0x98ac50], sa_mask[0]=0x7ffbfeff, sa_flags=0x10000004
SIGFPE: [libjvm.so+0x7f8ab0], sa_mask[0]=0x7ffbfeff, sa_flags=0x10000004
SIGPIPE: [libjvm.so+0x7f8ab0], sa_mask[0]=0x7ffbfeff, sa_flags=0x10000004
SIGXFSZ: [libjvm.so+0x7f8ab0], sa_mask[0]=0x7ffbfeff, sa_flags=0x10000004
SIGILL: [libjvm.so+0x7f8ab0], sa_mask[0]=0x7ffbfeff, sa_flags=0x10000004
SIGUSR1: SIG_DFL, sa_mask[0]=0x00000000, sa_flags=0x00000000
SIGUSR2: [libjvm.so+0x7f8930], sa_mask[0]=0x00000004, sa_flags=0x10000004
SIGHUP: [libjvm.so+0x7f8b30], sa_mask[0]=0x7ffbfeff, sa_flags=0x10000004
SIGINT: [libjvm.so+0x7f8b30], sa_mask[0]=0x7ffbfeff, sa_flags=0x10000004
SIGTERM: [libjvm.so+0x7f8b30], sa_mask[0]=0x7ffbfeff, sa_flags=0x10000004
SIGQUIT: [libjvm.so+0x7f8b30], sa_mask[0]=0x7ffbfeff, sa_flags=0x10000004
SIGTRAP: SIG_DFL, sa_mask[0]=0x00000000, sa_flags=0x00000000


---------------  S Y S T E M  ---------------

OS:Ubuntu 15.04 (vivid)
uname:Linux 3.19.0-30-generic #34-Ubuntu SMP Fri Oct 2 22:08:41 UTC 2015 x86_64
libc:glibc 2.21 NPTL 2.21 
rlimit: STACK 8192k, CORE 0k, NPROC 23178, NOFILE 65536, AS infinity
load average:1,98 1,55 1,52

/proc/meminfo:
MemTotal:        5992424 kB
MemFree:          122556 kB
MemAvailable:      79456 kB
Buffers:            1872 kB
Cached:           950036 kB
SwapCached:        19484 kB
Active:          4451408 kB
Inactive:        1201608 kB
Active(anon):    4433996 kB
Inactive(anon):  1178596 kB
Active(file):      17412 kB
Inactive(file):    23012 kB
Unevictable:          48 kB
Mlocked:              48 kB
SwapTotal:       1465340 kB
SwapFree:              8 kB
Dirty:              3924 kB
Writeback:             0 kB
AnonPages:       4683388 kB
Mapped:           437748 kB
Shmem:            910744 kB
Slab:              87096 kB
SReclaimable:      42304 kB
SUnreclaim:        44792 kB
KernelStack:       12736 kB
PageTables:        65432 kB
NFS_Unstable:          0 kB
Bounce:                0 kB
WritebackTmp:          0 kB
CommitLimit:     4461552 kB
Committed_AS:   15369736 kB
VmallocTotal:   34359738367 kB
VmallocUsed:      358624 kB
VmallocChunk:   34359317296 kB
HardwareCorrupted:     0 kB
AnonHugePages:   2447360 kB
CmaTotal:              0 kB
CmaFree:               0 kB
HugePages_Total:       0
HugePages_Free:        0
HugePages_Rsvd:        0
HugePages_Surp:        0
Hugepagesize:       2048 kB
DirectMap4k:      204600 kB
DirectMap2M:     5967872 kB
DirectMap1G:           0 kB


CPU:total 4 (2 cores per cpu, 2 threads per core) family 6 model 69 stepping 1, cmov, cx8, fxsr, mmx, sse, sse2, sse3, ssse3, sse4.1, sse4.2, popcnt, avx, avx2, aes, erms, ht, tsc, tscinvbit

/proc/cpuinfo:
processor	: 0
vendor_id	: GenuineIntel
cpu family	: 6
model		: 69
model name	: Intel(R) Core(TM) i7-4500U CPU @ 1.80GHz
stepping	: 1
microcode	: 0x15
cpu MHz		: 2700.187
cache size	: 4096 KB
physical id	: 0
siblings	: 4
core id		: 0
cpu cores	: 2
apicid		: 0
initial apicid	: 0
fpu		: yes
fpu_exception	: yes
cpuid level	: 13
wp		: yes
flags		: fpu vme de pse tsc msr pae mce cx8 apic sep mtrr pge mca cmov pat pse36 clflush dts acpi mmx fxsr sse sse2 ss ht tm pbe syscall nx pdpe1gb rdtscp lm constant_tsc arch_perfmon pebs bts rep_good nopl xtopology nonstop_tsc aperfmperf eagerfpu pni pclmulqdq dtes64 monitor ds_cpl vmx est tm2 ssse3 fma cx16 xtpr pdcm pcid sse4_1 sse4_2 movbe popcnt tsc_deadline_timer aes xsave avx f16c rdrand lahf_lm abm ida arat epb pln pts dtherm tpr_shadow vnmi flexpriority ept vpid fsgsbase tsc_adjust bmi1 avx2 smep bmi2 erms invpcid xsaveopt
bugs		:
bogomips	: 4789.06
clflush size	: 64
cache_alignment	: 64
address sizes	: 39 bits physical, 48 bits virtual
power management:

processor	: 1
vendor_id	: GenuineIntel
cpu family	: 6
model		: 69
model name	: Intel(R) Core(TM) i7-4500U CPU @ 1.80GHz
stepping	: 1
microcode	: 0x15
cpu MHz		: 2932.312
cache size	: 4096 KB
physical id	: 0
siblings	: 4
core id		: 1
cpu cores	: 2
apicid		: 2
initial apicid	: 2
fpu		: yes
fpu_exception	: yes
cpuid level	: 13
wp		: yes
flags		: fpu vme de pse tsc msr pae mce cx8 apic sep mtrr pge mca cmov pat pse36 clflush dts acpi mmx fxsr sse sse2 ss ht tm pbe syscall nx pdpe1gb rdtscp lm constant_tsc arch_perfmon pebs bts rep_good nopl xtopology nonstop_tsc aperfmperf eagerfpu pni pclmulqdq dtes64 monitor ds_cpl vmx est tm2 ssse3 fma cx16 xtpr pdcm pcid sse4_1 sse4_2 movbe popcnt tsc_deadline_timer aes xsave avx f16c rdrand lahf_lm abm ida arat epb pln pts dtherm tpr_shadow vnmi flexpriority ept vpid fsgsbase tsc_adjust bmi1 avx2 smep bmi2 erms invpcid xsaveopt
bugs		:
bogomips	: 4789.06
clflush size	: 64
cache_alignment	: 64
address sizes	: 39 bits physical, 48 bits virtual
power management:

processor	: 2
vendor_id	: GenuineIntel
cpu family	: 6
model		: 69
model name	: Intel(R) Core(TM) i7-4500U CPU @ 1.80GHz
stepping	: 1
microcode	: 0x15
cpu MHz		: 2700.093
cache size	: 4096 KB
physical id	: 0
siblings	: 4
core id		: 0
cpu cores	: 2
apicid		: 1
initial apicid	: 1
fpu		: yes
fpu_exception	: yes
cpuid level	: 13
wp		: yes
flags		: fpu vme de pse tsc msr pae mce cx8 apic sep mtrr pge mca cmov pat pse36 clflush dts acpi mmx fxsr sse sse2 ss ht tm pbe syscall nx pdpe1gb rdtscp lm constant_tsc arch_perfmon pebs bts rep_good nopl xtopology nonstop_tsc aperfmperf eagerfpu pni pclmulqdq dtes64 monitor ds_cpl vmx est tm2 ssse3 fma cx16 xtpr pdcm pcid sse4_1 sse4_2 movbe popcnt tsc_deadline_timer aes xsave avx f16c rdrand lahf_lm abm ida arat epb pln pts dtherm tpr_shadow vnmi flexpriority ept vpid fsgsbase tsc_adjust bmi1 avx2 smep bmi2 erms invpcid xsaveopt
bugs		:
bogomips	: 4789.06
clflush size	: 64
cache_alignment	: 64
address sizes	: 39 bits physical, 48 bits virtual
power management:

processor	: 3
vendor_id	: GenuineIntel
cpu family	: 6
model		: 69
model name	: Intel(R) Core(TM) i7-4500U CPU @ 1.80GHz
stepping	: 1
microcode	: 0x15
cpu MHz		: 2976.187
cache size	: 4096 KB
physical id	: 0
siblings	: 4
core id		: 1
cpu cores	: 2
apicid		: 3
initial apicid	: 3
fpu		: yes
fpu_exception	: yes
cpuid level	: 13
wp		: yes
flags		: fpu vme de pse tsc msr pae mce cx8 apic sep mtrr pge mca cmov pat pse36 clflush dts acpi mmx fxsr sse sse2 ss ht tm pbe syscall nx pdpe1gb rdtscp lm constant_tsc arch_perfmon pebs bts rep_good nopl xtopology nonstop_tsc aperfmperf eagerfpu pni pclmulqdq dtes64 monitor ds_cpl vmx est tm2 ssse3 fma cx16 xtpr pdcm pcid sse4_1 sse4_2 movbe popcnt tsc_deadline_timer aes xsave avx f16c rdrand lahf_lm abm ida arat epb pln pts dtherm tpr_shadow vnmi flexpriority ept vpid fsgsbase tsc_adjust bmi1 avx2 smep bmi2 erms invpcid xsaveopt
bugs		:
bogomips	: 4789.06
clflush size	: 64
cache_alignment	: 64
address sizes	: 39 bits physical, 48 bits virtual
power management:



Memory: 4k page, physical 5992424k(122556k free), swap 1465340k(8k free)

vm_info: OpenJDK 64-Bit Server VM (24.79-b02) for linux-amd64 JRE (1.7.0_79-b14), built on Jul 24 2015 05:24:39 by "buildd" with gcc 4.9.2

time: Wed Oct 14 10:25:19 2015
elapsed time: 10 seconds

